<?xml version="1.0" encoding="UTF-8"?>
<testsuite xmlns:xsi="http://www.w3.org/2001/XMLSchema-instance" xsi:noNamespaceSchemaLocation="https://maven.apache.org/surefire/maven-surefire-plugin/xsd/surefire-test-report-3.0.xsd" version="3.0" name="org.example.finalproject.MyControllerIntegrationTest" time="4.596" tests="1" errors="0" skipped="0" failures="1">
  <properties>
[...]
</properties>
  <testcase name="testGetEndpoint" classname="org.example.finalproject.MyControllerIntegrationTest" time="1.459">
    <failure message="&#10;Expecting actual:&#10;  &quot;[{&quot;username&quot;:&quot;user1&quot;,&quot;password&quot;:&quot;password123&quot;},{&quot;username&quot;:&quot;user1&quot;,&quot;password&quot;:&quot;password123&quot;}]&quot;&#10;to contain:&#10;  &quot;expected content&quot; " type="java.lang.AssertionError"><![CDATA[java.lang.AssertionError: 

Expecting actual:
  "[{"username":"user1","password":"password123"},{"username":"user1","password":"password123"}]"
to contain:
  "expected content" 
	at org.example.finalproject.MyControllerIntegrationTest.testGetEndpoint(FinalProjectApplicationTests.java:23)
	at java.base/java.lang.reflect.Method.invoke(Method.java:569)
	at java.base/java.util.ArrayList.forEach(ArrayList.java:1511)
	at java.base/java.util.ArrayList.forEach(ArrayList.java:1511)
]]></failure>
    <system-out><![CDATA[15:40:29.714 [main] INFO org.springframework.test.context.support.AnnotationConfigContextLoaderUtils -- Could not detect default configuration classes for test class [org.example.finalproject.MyControllerIntegrationTest]: MyControllerIntegrationTest does not declare any static, non-private, non-final, nested classes annotated with @Configuration.
15:40:29.905 [main] INFO org.springframework.boot.test.context.SpringBootTestContextBootstrapper -- Found @SpringBootConfiguration org.example.finalproject.FinalProjectApplication for test class org.example.finalproject.MyControllerIntegrationTest

  .   ____          _            __ _ _
 /\\ / ___'_ __ _ _(_)_ __  __ _ \ \ \ \
( ( )\___ | '_ | '_| | '_ \/ _` | \ \ \ \
 \\/  ___)| |_)| | | | | || (_| |  ) ) ) )
  '  |____| .__|_| |_|_| |_\__, | / / / /
 =========|_|==============|___/=/_/_/_/

 :: Spring Boot ::                (v3.3.5)

2024-11-21T15:40:30.534+08:00  INFO 24160 --- [finalProject] [           main] o.e.f.MyControllerIntegrationTest        : Starting MyControllerIntegrationTest using Java 17.0.13 with PID 24160 (started by 20605 in C:\Users\20605\Desktop\SCNU_G3A_Sync\Software Design & Architecture KHAN\finalProject)
2024-11-21T15:40:30.537+08:00  INFO 24160 --- [finalProject] [           main] o.e.f.MyControllerIntegrationTest        : No active profile set, falling back to 1 default profile: "default"
2024-11-21T15:40:31.910+08:00  INFO 24160 --- [finalProject] [           main] o.s.b.w.embedded.tomcat.TomcatWebServer  : Tomcat initialized with port 65520 (http)
2024-11-21T15:40:31.930+08:00  INFO 24160 --- [finalProject] [           main] o.apache.catalina.core.StandardService   : Starting service [Tomcat]
2024-11-21T15:40:31.930+08:00  INFO 24160 --- [finalProject] [           main] o.apache.catalina.core.StandardEngine    : Starting Servlet engine: [Apache Tomcat/10.1.31]
2024-11-21T15:40:32.028+08:00  INFO 24160 --- [finalProject] [           main] o.a.c.c.C.[Tomcat].[localhost].[/]       : Initializing Spring embedded WebApplicationContext
2024-11-21T15:40:32.030+08:00  INFO 24160 --- [finalProject] [           main] w.s.c.ServletWebServerApplicationContext : Root WebApplicationContext: initialization completed in 1463 ms
2024-11-21T15:40:32.591+08:00  INFO 24160 --- [finalProject] [           main] o.s.b.w.embedded.tomcat.TomcatWebServer  : Tomcat started on port 65520 (http) with context path '/'
2024-11-21T15:40:32.600+08:00  INFO 24160 --- [finalProject] [           main] o.e.f.MyControllerIntegrationTest        : Started MyControllerIntegrationTest in 2.477 seconds (process running for 3.846)
2024-11-21T15:40:33.807+08:00  INFO 24160 --- [finalProject] [io-65520-exec-1] o.a.c.c.C.[Tomcat].[localhost].[/]       : Initializing Spring DispatcherServlet 'dispatcherServlet'
2024-11-21T15:40:33.807+08:00  INFO 24160 --- [finalProject] [io-65520-exec-1] o.s.web.servlet.DispatcherServlet        : Initializing Servlet 'dispatcherServlet'
2024-11-21T15:40:33.808+08:00  INFO 24160 --- [finalProject] [io-65520-exec-1] o.s.web.servlet.DispatcherServlet        : Completed initialization in 0 ms
]]></system-out>
  </testcase>
</testsuite>